[14:48:56] [INIT] KubeJS 2001.6.5-build.16; MC 2001 forge
[14:48:56] [INIT] Loaded plugins:
[14:48:56] [INIT] - dev.latvian.mods.kubejs.forge.BuiltinKubeJSForgePlugin
[14:48:56] [INIT] - dev.latvian.mods.kubejs.forge.BuiltinKubeJSForgeClientPlugin
[14:48:56] [INIT] - com.almostreliable.kubeio.kube.KubePlugin
[14:48:56] [INIT] - com.lowdragmc.lowdraglib.kjs.LDLibKubeJSPlugin
[14:48:56] [INIT] - dev.ftb.mods.ftbxmodcompat.ftbquests.kubejs.KubeJSIntegration
[14:48:56] [INIT] - dev.ftb.mods.ftbxmodcompat.ftbchunks.kubejs.FTBChunksKubeJSPlugin
[14:48:56] [INIT] - dev.ftb.mods.ftbxmodcompat.ftbteams.kubejs.FTBTeamsKubeJSPlugin
[14:48:56] [INIT] - dev.latvian.mods.kubejs.thermal.KubeJSThermalPlugin
[14:48:56] [INIT] - com.prunoideae.powerfuljs.forge.PowerfulJSPluginForge
[14:48:56] [INIT] - com.almostreliable.morejs.Plugin
[14:48:56] [INIT] - com.almostreliable.lootjs.kube.LootJSPlugin
[14:48:56] [INIT] - com.blakebr0.cucumber.compat.kubejs.CucumberKubeJSPlugin
[14:48:56] [INIT] - igentuman.nc.compat.kubejs.NuclearCraftKubeJSPlugin
[14:48:56] [INIT] - com.gregtechceu.gtceu.integration.kjs.GregTechKubeJSPlugin
[14:48:56] [INIT] - net.neganote.monilabs.integration.kjs.MoniKubeJSPlugin
[14:48:56] [INFO] Loaded script client_scripts:_initial.js in 0.003 s
[14:48:56] [INFO] Loaded script client_scripts:deprecation_pipeline.js in 0.001 s
[14:48:56] [INFO] Loaded script client_scripts:Fixes_Client.js in 0.0 s
[14:48:56] [INFO] Loaded script client_scripts:JEI.js in 0.0 s
[14:48:56] [INFO] Loaded script client_scripts:JEI_modespecific.js in 0.001 s
[14:48:56] [INFO] Loaded script client_scripts:mods/optionalCompats/architects_palette.js in 0.0 s
[14:48:56] [INFO] Loaded script client_scripts:mods/optionalCompats/projectred_transmission.js in 0.0 s
[14:48:56] [ERROR] ! mods/RPC.js#23: ReferenceError: "sdrp" is not defined.
[14:48:56] [INFO] tooltips.js#5: Loaded Java class 'com.gregtechceu.gtceu.common.machine.multiblock.electric.FusionReactorMachine'
[14:48:56] [INFO] Loaded script client_scripts:tooltips.js in 0.003 s
[14:48:56] [INFO] Loaded script client_scripts:nukelists.js in 0.0 s
[14:48:56] [INFO] Loaded 9/10 KubeJS client scripts in 0.031 s with 0 errors and 0 warnings
[14:49:03] [INFO] Client resource reload complete!
[14:49:47] [ERROR] ! mods/RPC.js#7: Error in 'ClientEvents.loggedIn': ReferenceError: "SDRP" is not defined.
[14:49:55] [ERROR] ! mods/RPC.js#17: Error in 'NetworkEvents.dataReceived': ReferenceError: "SDRP" is not defined.
